[ 2019-07-23T16:18:17+08:00 ] 127.0.0.1 /
INFO: [ view_parse ] --START--
INFO: [ template_filter ] --START--
INFO: Run Behavior\ContentReplace [ RunTime:0.000163s ]
INFO: [ template_filter ] --END-- [ RunTime:0.000273s ]
INFO: Run Behavior\ParseTemplate [ RunTime:0.187557s ]
INFO: [ view_parse ] --END-- [ RunTime:0.187642s ]
INFO: [ view_filter ] --START--
INFO: Run Behavior\WriteHtmlCache [ RunTime:0.008012s ]
INFO: [ view_filter ] --END-- [ RunTime:0.008093s ]
INFO: [ app_end ] --START--
INFO: Run Behavior\ShowPageTrace [ RunTime:0.008590s ]
INFO: [ app_end ] --END-- [ RunTime:0.008677s ]

[ 2019-07-23T16:18:21+08:00 ] 127.0.0.1 /Home/User/login_account
INFO: [ view_parse ] --START--
INFO: [ template_filter ] --START--
INFO: Run Behavior\ContentReplace [ RunTime:0.000131s ]
INFO: [ template_filter ] --END-- [ RunTime:0.000199s ]
NOTIC: [8] Undefined variable: phone F:\phpStudy\WWW\public_html\Runtime\Cache\Home\d9ba89c292521b849b689fba18af23ff.php 第 75 行.
NOTIC: [8] Undefined variable: password F:\phpStudy\WWW\public_html\Runtime\Cache\Home\d9ba89c292521b849b689fba18af23ff.php 第 76 行.
NOTIC: [8] Undefined variable: is_weixin F:\phpStudy\WWW\public_html\Runtime\Cache\Home\d9ba89c292521b849b689fba18af23ff.php 第 89 行.
INFO: Run Behavior\ParseTemplate [ RunTime:0.054769s ]
INFO: [ view_parse ] --END-- [ RunTime:0.054846s ]
INFO: [ view_filter ] --START--
INFO: Run Behavior\WriteHtmlCache [ RunTime:0.000530s ]
INFO: [ view_filter ] --END-- [ RunTime:0.000621s ]
INFO: [ app_end ] --START--
INFO: Run Behavior\ShowPageTrace [ RunTime:0.000675s ]
INFO: [ app_end ] --END-- [ RunTime:0.000744s ]

[ 2019-07-23T16:19:10+08:00 ] 127.0.0.1 /home/public/waplogin.html
INFO: [ app_begin ] --START--
INFO: Run Behavior\ReadHtmlCache [ RunTime:0.000617s ]
INFO: [ app_begin ] --END-- [ RunTime:0.000681s ]
SQL: SHOW COLUMNS FROM `bhy_config` [ RunTime:0.020492s ]
SQL: SELECT `type`,`name`,`value` FROM `bhy_config` WHERE ( `status` = 1 )  [ RunTime:0.000298s ]
NOTIC: [8] Undefined index: yzm F:\phpStudy\WWW\public_html\Application\Home\Controller\PublicController.class.php 第 139 行.
SQL: SHOW COLUMNS FROM `bhy_usermember` [ RunTime:0.062932s ]
SQL: SELECT * FROM `bhy_usermember` WHERE ( `phone` = '13641984916' ) AND ( `password` = '123456' ) LIMIT 1   [ RunTime:0.000344s ]
SQL: SHOW COLUMNS FROM `bhy_picture` [ RunTime:0.027469s ]
SQL: SELECT * FROM `bhy_picture` WHERE ( `id` = 0 ) LIMIT 1   [ RunTime:0.000246s ]
SQL: SHOW COLUMNS FROM `bhy_feept` [ RunTime:0.024135s ]
SQL: SELECT * FROM `bhy_feept`  [ RunTime:0.000260s ]
SQL: UPDATE `bhy_usermember` SET `token`='a5b9041e46a7e4b85ba75ded04e5e794' WHERE ( `id` = 238 ) [ RunTime:0.000377s ]

[ 2019-07-23T16:19:10+08:00 ] 127.0.0.1 /home/user/index
SQL: SHOW COLUMNS FROM `bhy_usermember` [ RunTime:0.010200s ]
SQL: SELECT * FROM `bhy_usermember` WHERE ( id=238 ) LIMIT 1   [ RunTime:0.000289s ]
NOTIC: [8] Use of undefined constant icon - assumed 'icon' F:\phpStudy\WWW\public_html\Application\Home\Controller\HomeController.class.php 第 55 行.
INFO: [ view_parse ] --START--
INFO: [ template_filter ] --START--
INFO: Run Behavior\ContentReplace [ RunTime:0.000200s ]
INFO: [ template_filter ] --END-- [ RunTime:0.000274s ]
NOTIC: [8] Array to string conversion F:\phpStudy\WWW\public_html\Runtime\Cache\Home\101a520ac446b48d7a87266436dd71e7.php 第 221 行.
NOTIC: [8] Array to string conversion F:\phpStudy\WWW\public_html\Runtime\Cache\Home\101a520ac446b48d7a87266436dd71e7.php 第 268 行.
INFO: Run Behavior\ParseTemplate [ RunTime:0.040617s ]
INFO: [ view_parse ] --END-- [ RunTime:0.040689s ]
INFO: [ view_filter ] --START--
INFO: Run Behavior\WriteHtmlCache [ RunTime:0.000549s ]
INFO: [ view_filter ] --END-- [ RunTime:0.000612s ]
INFO: [ app_end ] --START--
INFO: Run Behavior\ShowPageTrace [ RunTime:0.000940s ]
INFO: [ app_end ] --END-- [ RunTime:0.001019s ]

[ 2019-07-23T16:19:22+08:00 ] 127.0.0.1 /Home/User/personal
SQL: SHOW COLUMNS FROM `bhy_usermember` [ RunTime:0.015557s ]
SQL: SELECT * FROM `bhy_usermember` WHERE ( id=238 ) LIMIT 1   [ RunTime:0.000266s ]
NOTIC: [8] Use of undefined constant icon - assumed 'icon' F:\phpStudy\WWW\public_html\Application\Home\Controller\HomeController.class.php 第 55 行.
INFO: [ view_parse ] --START--
INFO: [ template_filter ] --START--
INFO: Run Behavior\ContentReplace [ RunTime:0.000100s ]
INFO: [ template_filter ] --END-- [ RunTime:0.000174s ]
NOTIC: [8] Array to string conversion F:\phpStudy\WWW\public_html\Runtime\Cache\Home\4f1cddef4d5fe2b9195a2505d2d018eb.php 第 78 行.
INFO: Run Behavior\ParseTemplate [ RunTime:0.037253s ]
INFO: [ view_parse ] --END-- [ RunTime:0.037329s ]
INFO: [ view_filter ] --START--
INFO: Run Behavior\WriteHtmlCache [ RunTime:0.000447s ]
INFO: [ view_filter ] --END-- [ RunTime:0.000507s ]
INFO: [ app_end ] --START--
INFO: Run Behavior\ShowPageTrace [ RunTime:0.001050s ]
INFO: [ app_end ] --END-- [ RunTime:0.001136s ]

[ 2019-07-23T16:21:36+08:00 ] 127.0.0.1 /Home/User/personal
SQL: SHOW COLUMNS FROM `bhy_usermember` [ RunTime:0.113712s ]
SQL: SELECT * FROM `bhy_usermember` WHERE ( id=238 ) LIMIT 1   [ RunTime:0.000395s ]
NOTIC: [8] Use of undefined constant icon - assumed 'icon' F:\phpStudy\WWW\public_html\Application\Home\Controller\HomeController.class.php 第 55 行.
INFO: [ view_parse ] --START--
INFO: [ template_filter ] --START--
INFO: Run Behavior\ContentReplace [ RunTime:0.000128s ]
INFO: [ template_filter ] --END-- [ RunTime:0.000225s ]
NOTIC: [8] Array to string conversion F:\phpStudy\WWW\public_html\Runtime\Cache\Home\4f1cddef4d5fe2b9195a2505d2d018eb.php 第 78 行.
INFO: Run Behavior\ParseTemplate [ RunTime:0.016556s ]
INFO: [ view_parse ] --END-- [ RunTime:0.016655s ]
INFO: [ view_filter ] --START--
INFO: Run Behavior\WriteHtmlCache [ RunTime:0.003744s ]
INFO: [ view_filter ] --END-- [ RunTime:0.003883s ]
INFO: [ app_end ] --START--
INFO: Run Behavior\ShowPageTrace [ RunTime:0.000903s ]
INFO: [ app_end ] --END-- [ RunTime:0.000988s ]

[ 2019-07-23T16:21:36+08:00 ] 127.0.0.1 /app/user/user
INFO: [ app_begin ] --START--
INFO: Run Behavior\ReadHtmlCache [ RunTime:0.000662s ]
INFO: [ app_begin ] --END-- [ RunTime:0.000739s ]
SQL: SHOW COLUMNS FROM `bhy_config` [ RunTime:0.016478s ]
SQL: SELECT `type`,`name`,`value` FROM `bhy_config` WHERE ( `status` = 1 )  [ RunTime:0.000360s ]
SQL: SHOW COLUMNS FROM `bhy_usermember` [ RunTime:0.011183s ]
SQL: SELECT * FROM `bhy_usermember` WHERE ( `token` = 'a5b9041e46a7e4b85ba75ded04e5e794' ) LIMIT 1   [ RunTime:0.000324s ]
SQL: SELECT * FROM `bhy_usermember` WHERE ( `id` = 238 ) LIMIT 1   [ RunTime:0.000245s ]
NOTIC: [8] Use of undefined constant icon - assumed 'icon' F:\phpStudy\WWW\public_html\Application\App\Controller\UserController.class.php 第 1096 行.
NOTIC: [8] Use of undefined constant vip - assumed 'vip' F:\phpStudy\WWW\public_html\Application\App\Controller\UserController.class.php 第 1102 行.
NOTIC: [8] Undefined variable: sql F:\phpStudy\WWW\public_html\Application\App\Controller\UserController.class.php 第 1156 行.

[ 2019-07-23T16:21:37+08:00 ] 127.0.0.1 /app/staff/msgStatus
INFO: [ app_begin ] --START--
INFO: Run Behavior\ReadHtmlCache [ RunTime:0.000645s ]
INFO: [ app_begin ] --END-- [ RunTime:0.000722s ]
SQL: SHOW COLUMNS FROM `bhy_config` [ RunTime:0.018195s ]
SQL: SELECT `type`,`name`,`value` FROM `bhy_config` WHERE ( `status` = 1 )  [ RunTime:0.000293s ]
SQL: SHOW COLUMNS FROM `bhy_usermember` [ RunTime:0.038464s ]
SQL: SELECT * FROM `bhy_usermember` WHERE ( `token` = 'a5b9041e46a7e4b85ba75ded04e5e794' ) LIMIT 1   [ RunTime:0.000338s ]
SQL: SHOW COLUMNS FROM `bhy_ask` [ RunTime:0.038781s ]
SQL: SELECT COUNT(*) AS tp_count FROM `bhy_ask` WHERE ( status<4 and status!=7 and status !=9 and uid=238 ) LIMIT 1   [ RunTime:0.003127s ]
SQL: SHOW COLUMNS FROM `bhy_order` [ RunTime:0.049351s ]
SQL: SELECT COUNT(*) AS tp_count FROM `bhy_order` WHERE ( `type` IN ('16','17','18') ) AND ( `status` = 1 ) AND ( `uid` = '238' ) LIMIT 1   [ RunTime:0.002469s ]
SQL: SHOW COLUMNS FROM `bhy_wt` [ RunTime:0.046539s ]
SQL: SELECT COUNT(*) AS tp_count FROM `bhy_wt` WHERE ( status<4 and status!=3 and uid=238 ) LIMIT 1   [ RunTime:0.000317s ]
SQL: SHOW COLUMNS FROM `bhy_mymessage` [ RunTime:0.054878s ]
SQL: SELECT * FROM `bhy_mymessage` WHERE ( `user_id` = '238' ) AND ( `user_type` = 1 ) AND ( `type` = 1 ) AND ( `c_type1` = 1 ) AND ( `is_view` = 0 )  [ RunTime:0.005098s ]
SQL: SHOW COLUMNS FROM `bhy_fanswer` [ RunTime:0.055110s ]
SQL: SELECT * FROM `bhy_fanswer` WHERE ( tid=6485 and choose=1 ) LIMIT 1   [ RunTime:0.006614s ]
SQL: SELECT COUNT(*) AS tp_count FROM `bhy_mymessage` WHERE ( `user_id` = '238' ) AND ( `user_type` = 1 ) AND ( `type` = '1,2' ) AND ( `c_type1` = 2 ) AND ( `is_view` = 0 ) LIMIT 1   [ RunTime:0.004257s ]
SQL: SHOW COLUMNS FROM `bhy_family` [ RunTime:0.035801s ]
SQL: SELECT COUNT(*) AS tp_count FROM `bhy_family` WHERE ( uid=238 ) LIMIT 1   [ RunTime:0.000302s ]

